<?xml version="1.0" encoding="UTF-8"?>
<!-- Generated by org.testng.reporters.JUnitReportReporter -->
<testsuite hostname="PLRENT-5JT54H2" name="global.SampleReport" tests="1" failures="0" timestamp="20 Apr 2021 13:25:13 GMT" time="0.283" errors="0">
  <testcase name="demo" time="0.283" classname="global.SampleReport"/>
</testsuite> <!-- global.SampleReport -->
