<?xml version="1.0" encoding="UTF-8"?>
<!-- Generated by org.testng.reporters.JUnitReportReporter -->
<testsuite hostname="PLRENT-5JT54H2" name="api.automation.learning.AssertionTest" tests="1" failures="0" timestamp="11 Apr 2021 16:38:00 GMT" time="0.015" errors="0">
  <testcase name="test" time="0.015" classname="api.automation.learning.AssertionTest"/>
</testsuite> <!-- api.automation.learning.AssertionTest -->
